<?xml version="1.0" encoding="UTF-8"?>
<!-- Generated by org.testng.reporters.JUnitXMLReporter -->
<testsuite hostname="devboxmc" name="Default test" tests="2" failures="0" timestamp="29 May 2012 15:15:46 GMT" time="0.026" errors="0">
  <testcase name="testMultiToken" time="0.014" classname="org.grep4j.console.aggregators.AggregateMultitokensExpressionTest"/>
  <testcase name="testSingleToken" time="0.0" classname="org.grep4j.console.aggregators.AggregateMultitokensExpressionTest"/>
</testsuite>
