<?xml version="1.0" encoding="UTF-8"?>
<!-- Generated by org.testng.reporters.JUnitXMLReporter -->
<testsuite hostname="barracuda" name="Default test" tests="3" failures="0" timestamp="28 May 2012 22:32:47 GMT" time="53.909" errors="0">
  <testcase name="addProfileTest" time="32.528" classname="org.grep4j.console.persistence.profiles.ProfileEditorTest"/>
  <testcase name="removeProfileTest" time="20.666" classname="org.grep4j.console.persistence.profiles.ProfileEditorTest"/>
  <testcase name="updateProfileTest" time="0.669" classname="org.grep4j.console.persistence.profiles.ProfileEditorTest"/>
</testsuite> <!-- Default test -->
