<?xml version="1.0" encoding="UTF-8"?>
<testng-results skipped="0" failed="0" total="3" passed="3">
  <reporter-output>
  </reporter-output>
  <suite name="Default suite" duration-ms="53909" started-at="2012-05-28T23:31:53Z" finished-at="2012-05-28T23:32:47Z">
    <groups>
    </groups>
    <test name="Default test" duration-ms="53909" started-at="2012-05-28T23:31:53Z" finished-at="2012-05-28T23:32:47Z">
      <class name="org.grep4j.console.persistence.profiles.ProfileEditorTest">
        <test-method status="PASS" signature="createSimpleProfile()[pri:0, instance:org.grep4j.console.persistence.profiles.ProfileEditorTest@7fd88db7]" name="createSimpleProfile" is-config="true" duration-ms="19" started-at="2012-05-28T23:31:53Z" finished-at="2012-05-28T23:31:53Z">
        </test-method> <!-- createSimpleProfile -->
        <test-method status="PASS" signature="addProfileTest()[pri:0, instance:org.grep4j.console.persistence.profiles.ProfileEditorTest@7fd88db7]" name="addProfileTest" duration-ms="32528" started-at="2012-05-28T23:31:53Z" finished-at="2012-05-28T23:32:26Z">
        </test-method> <!-- addProfileTest -->
        <test-method status="PASS" signature="createSimpleProfile()[pri:0, instance:org.grep4j.console.persistence.profiles.ProfileEditorTest@7fd88db7]" name="createSimpleProfile" is-config="true" duration-ms="1" started-at="2012-05-28T23:32:26Z" finished-at="2012-05-28T23:32:26Z">
        </test-method> <!-- createSimpleProfile -->
        <test-method status="PASS" signature="removeProfileTest()[pri:0, instance:org.grep4j.console.persistence.profiles.ProfileEditorTest@7fd88db7]" name="removeProfileTest" duration-ms="20666" started-at="2012-05-28T23:32:26Z" finished-at="2012-05-28T23:32:46Z">
        </test-method> <!-- removeProfileTest -->
        <test-method status="PASS" signature="createSimpleProfile()[pri:0, instance:org.grep4j.console.persistence.profiles.ProfileEditorTest@7fd88db7]" name="createSimpleProfile" is-config="true" duration-ms="2" started-at="2012-05-28T23:32:46Z" finished-at="2012-05-28T23:32:46Z">
        </test-method> <!-- createSimpleProfile -->
        <test-method status="PASS" signature="updateProfileTest()[pri:0, instance:org.grep4j.console.persistence.profiles.ProfileEditorTest@7fd88db7]" name="updateProfileTest" duration-ms="669" started-at="2012-05-28T23:32:46Z" finished-at="2012-05-28T23:32:47Z">
        </test-method> <!-- updateProfileTest -->
      </class> <!-- org.grep4j.console.persistence.profiles.ProfileEditorTest -->
    </test> <!-- Default test -->
  </suite> <!-- Default suite -->
</testng-results>
