<?xml version="1.0" encoding="UTF-8"?>
<testng-results skipped="3" failed="0" total="3" passed="0">
  <reporter-output>
  </reporter-output>
  <suite name="Default suite" duration-ms="24" started-at="2012-05-24T11:09:55Z" finished-at="2012-05-24T11:09:55Z">
    <groups>
    </groups>
    <test name="Default test" duration-ms="24" started-at="2012-05-24T11:09:55Z" finished-at="2012-05-24T11:09:55Z">
      <class name="org.grep4j.console.persistence.profiles.ProfileEditorTest">
        <test-method status="FAIL" signature="createSimpleProfile()[pri:0, instance:org.grep4j.console.persistence.profiles.ProfileEditorTest@5e785d65]" name="createSimpleProfile" is-config="true" duration-ms="0" started-at="2012-05-24T11:09:55Z" finished-at="2012-05-24T11:09:55Z">
          <exception class="java.lang.NullPointerException">
            <full-stacktrace>
              <![CDATA[java.lang.NullPointerException
	at org.grep4j.console.persistence.profiles.ProfileEditorTest.createSimpleProfile(ProfileEditorTest.java:32)
	at sun.reflect.NativeMethodAccessorImpl.invoke0(Native Method)
	at sun.reflect.NativeMethodAccessorImpl.invoke(NativeMethodAccessorImpl.java:57)
	at sun.reflect.DelegatingMethodAccessorImpl.invoke(DelegatingMethodAccessorImpl.java:43)
	at java.lang.reflect.Method.invoke(Method.java:616)
	at org.testng.internal.MethodInvocationHelper.invokeMethod(MethodInvocationHelper.java:80)
	at org.testng.internal.Invoker.invokeConfigurationMethod(Invoker.java:543)
	at org.testng.internal.Invoker.invokeConfigurations(Invoker.java:212)
	at org.testng.internal.Invoker.invokeMethod(Invoker.java:631)
	at org.testng.internal.Invoker.invokeTestMethod(Invoker.java:883)
	at org.testng.internal.Invoker.invokeTestMethods(Invoker.java:1208)
	at org.testng.internal.TestMethodWorker.invokeTestMethods(TestMethodWorker.java:127)
	at org.testng.internal.TestMethodWorker.run(TestMethodWorker.java:111)
	at org.testng.TestRunner.privateRun(TestRunner.java:758)
	at org.testng.TestRunner.run(TestRunner.java:613)
	at org.testng.SuiteRunner.runTest(SuiteRunner.java:334)
	at org.testng.SuiteRunner.runSequentially(SuiteRunner.java:329)
	at org.testng.SuiteRunner.privateRun(SuiteRunner.java:291)
	at org.testng.SuiteRunner.run(SuiteRunner.java:240)
	at org.testng.SuiteRunnerWorker.runSuite(SuiteRunnerWorker.java:53)
	at org.testng.SuiteRunnerWorker.run(SuiteRunnerWorker.java:87)
	at org.testng.TestNG.runSuitesSequentially(TestNG.java:1142)
	at org.testng.TestNG.runSuitesLocally(TestNG.java:1067)
	at org.testng.TestNG.run(TestNG.java:979)
	at org.testng.remote.RemoteTestNG.run(RemoteTestNG.java:109)
	at org.testng.remote.RemoteTestNG.initAndRun(RemoteTestNG.java:202)
	at org.testng.remote.RemoteTestNG.main(RemoteTestNG.java:173)
]]>
            </full-stacktrace>
          </exception>
        </test-method>
        <test-method status="SKIP" signature="addProfileTest()[pri:0, instance:org.grep4j.console.persistence.profiles.ProfileEditorTest@5e785d65]" name="addProfileTest" duration-ms="1" started-at="2012-05-24T11:09:55Z" finished-at="2012-05-24T11:09:55Z">
        </test-method>
        <test-method status="SKIP" signature="removeProfileTest()[pri:0, instance:org.grep4j.console.persistence.profiles.ProfileEditorTest@5e785d65]" name="removeProfileTest" duration-ms="0" started-at="2012-05-24T11:09:55Z" finished-at="2012-05-24T11:09:55Z">
        </test-method>
        <test-method status="SKIP" signature="createSimpleProfile()[pri:0, instance:org.grep4j.console.persistence.profiles.ProfileEditorTest@5e785d65]" name="createSimpleProfile" is-config="true" duration-ms="0" started-at="2012-05-24T11:09:55Z" finished-at="2012-05-24T11:09:55Z">
        </test-method>
        <test-method status="SKIP" signature="createSimpleProfile()[pri:0, instance:org.grep4j.console.persistence.profiles.ProfileEditorTest@5e785d65]" name="createSimpleProfile" is-config="true" duration-ms="0" started-at="2012-05-24T11:09:55Z" finished-at="2012-05-24T11:09:55Z">
        </test-method>
        <test-method status="SKIP" signature="updateProfileTest()[pri:0, instance:org.grep4j.console.persistence.profiles.ProfileEditorTest@5e785d65]" name="updateProfileTest" duration-ms="0" started-at="2012-05-24T11:09:55Z" finished-at="2012-05-24T11:09:55Z">
        </test-method>
      </class>
    </test>
  </suite>
</testng-results>
